<?xml version="1.0" encoding="UTF-8"?>
<testng-results skipped="0" failed="0" ignored="0" total="1" passed="1">
  <reporter-output>
  </reporter-output>
  <suite name="Default suite" duration-ms="2378" started-at="2020-02-10T04:34:30Z" finished-at="2020-02-10T04:34:32Z">
    <groups>
    </groups>
    <test name="Default test" duration-ms="2378" started-at="2020-02-10T04:34:30Z" finished-at="2020-02-10T04:34:32Z">
      <class name="com.test.automation.RestAssuredAPITesting.TC001_Get_Request">
        <test-method status="PASS" signature="getweatherDetails()[pri:0, instance:com.test.automation.RestAssuredAPITesting.TC001_Get_Request@1d057a39]" name="getweatherDetails" duration-ms="2333" started-at="2020-02-10T04:34:30Z" finished-at="2020-02-10T04:34:32Z">
          <reporter-output>
          </reporter-output>
        </test-method> <!-- getweatherDetails -->
      </class> <!-- com.test.automation.RestAssuredAPITesting.TC001_Get_Request -->
    </test> <!-- Default test -->
  </suite> <!-- Default suite -->
</testng-results>
