<?xml version="1.0" encoding="UTF-8"?>
<testng-results skipped="0" failed="0" ignored="0" total="1" passed="1">
  <reporter-output>
  </reporter-output>
  <suite name="Default suite" duration-ms="2629" started-at="2020-02-10T06:24:12Z" finished-at="2020-02-10T06:24:15Z">
    <groups>
    </groups>
    <test name="Default test" duration-ms="2629" started-at="2020-02-10T06:24:12Z" finished-at="2020-02-10T06:24:15Z">
      <class name="com.test.automation.RestAssuredAPITesting.TC003_Get_Request">
        <test-method status="PASS" signature="googleMapTest()[pri:0, instance:com.test.automation.RestAssuredAPITesting.TC003_Get_Request@475530b9]" name="googleMapTest" duration-ms="2573" started-at="2020-02-10T06:24:13Z" finished-at="2020-02-10T06:24:15Z">
          <reporter-output>
          </reporter-output>
        </test-method> <!-- googleMapTest -->
      </class> <!-- com.test.automation.RestAssuredAPITesting.TC003_Get_Request -->
    </test> <!-- Default test -->
  </suite> <!-- Default suite -->
</testng-results>
